android/app/proguard-rules.pro
# Flutter-specific ProGuard rules

# Keep Flutter classes
-keep class io.flutter.** { *; }
-keep class io.flutter.plugins.** { *; }

# Keep annotations
-keepattributes *Annotation*

# Keep native methods
-keepclasseswithmembernames class * {
    native <methods>;
}

# Preserve Parcelable implementations
-keepclassmembers class * implements android.os.Parcelable {
    static ** CREATOR;
}

# Keep R class
-keepclassmembers class **.R$* {
    public static <fields>;
}

# local_auth plugin
-keep class androidx.biometric.** { *; }
-keep class androidx.fragment.app.** { *; }

# image_picker plugin
-keep class androidx.core.content.FileProvider { *; }

# shared_preferences plugin
-keep class androidx.datastore.** { *; }

# Gson (used by some plugins)
-keepattributes Signature
-keepattributes *Annotation*
-dontwarn sun.misc.**
-keep class * extends com.google.gson.TypeAdapter
-keep class * implements com.google.gson.TypeAdapterFactory
-keep class * implements com.google.gson.JsonSerializer
-keep class * implements com.google.gson.JsonDeserializer

# OkHttp (HTTP client)
-dontwarn okhttp3.**
-dontwarn okio.**
-dontwarn javax.annotation.**
-keepnames class okhttp3.internal.publicsuffix.PublicSuffixDatabase

# Keep crypto classes for PIN hashing
-keep class javax.crypto.** { *; }
-keep class java.security.** { *; }

# Prevent R8 from removing LocalAuth classes
-keep class android.security.** { *; }
-keep class android.hardware.biometrics.** { *; }
-keep class android.hardware.fingerprint.** { *; }

# Play Core (deferred components) - not used but referenced by Flutter
-dontwarn com.google.android.play.core.splitcompat.**
-dontwarn com.google.android.play.core.splitinstall.**
-dontwarn com.google.android.play.core.tasks.**

# Keep Play Store classes (or ignore if not using deferred components)
-keep class com.google.android.play.core.** { *; }

# Missing class warnings suppression
-dontwarn com.google.android.play.core.splitcompat.SplitCompatApplication
-dontwarn com.google.android.play.core.splitinstall.SplitInstallException
-dontwarn com.google.android.play.core.splitinstall.SplitInstallManager
-dontwarn com.google.android.play.core.splitinstall.SplitInstallManagerFactory
-dontwarn com.google.android.play.core.splitinstall.SplitInstallRequest$Builder
-dontwarn com.google.android.play.core.splitinstall.SplitInstallRequest
-dontwarn com.google.android.play.core.splitinstall.SplitInstallSessionState
-dontwarn com.google.android.play.core.splitinstall.SplitInstallStateUpdatedListener
-dontwarn com.google.android.play.core.tasks.OnFailureListener
-dontwarn com.google.android.play.core.tasks.OnSuccessListener
-dontwarn com.google.android.play.core.tasks.Task