build/app/outputs/mapping/release/seeds.txt
com.statch.statch_app.MainActivity
com.statch.statch_app.MainActivity: MainActivity()
...
io.flutter.plugins.localauth.R$string: int androidx_startup
io.flutter.plugins.flutter_plugin_android_lifecycle.R$attr: int queryPatterns
com.google.android.material.R$style: int Widget_MaterialComponents_CircularProgressIndicator_Medium
androidx.appcompat.R$style: int Animation_AppCompat_Tooltip
io.flutter.plugins.localauth.R$styleable: int AppCompatTheme_actionModeCloseDrawable
io.flutter.plugins.localauth.R$attr: int submitBackground
com.google.android.material.R$color: int m3_ref_palette_neutral20
io.flutter.plugins.sharedpreferences.R$style: int Base_TextAppearance_AppCompat_Large_Inverse
androidx.datastore.preferences.protobuf.EnumValue: int number_
androidx.appcompat.R$attr: int subMenuArrow
com.google.android.material.R$drawable: int abc_text_select_handle_left_mtrl
io.flutter.plugins.localauth.R$attr: int titleMarginStart
androidx.preference.R$styleable: int[] PreferenceFragmentCompat
com.google.android.material.R$style: int Widget_Material3_CardView_Filled
com.google.android.material.R$styleable: int ViewBackgroundHelper_backgroundTint
com.google.android.material.R$color: int cardview_light_background
io.flutter.plugins.flutter_plugin_android_lifecycle.R$id: int accessibility_custom_action_3
io.flutter.plugins.flutter_plugin_android_lifecycle.R$animator: int fragment_open_enter
com.google.android.material.R$drawable: int mtrl_ic_arrow_drop_up
com.google.android.material.R$styleable: int LinearLayoutCompat_measureWithLargestChild
androidx.datastore.preferences.core.Preferences$Pair: java.lang.Object value
androidx.appcompat.R$string: int abc_shareactionprovider_share_with_application
androidx.appcompat.R$attr: int suggestionRowLayout
com.google.android.material.R$style: int Widget_Material3_Snackbar
androidx.datastore.preferences.PreferencesProto$Value$ValueCase: androidx.datastore.preferences.PreferencesProto$Value$ValueCase INTEGER
com.google.android.material.R$attr: int materialCalendarStyle
com.google.android.material.R$integer: int m3_sys_motion_duration_extra_long4
com.google.android.material.R$style: int Theme_Material3_Light
com.google.android.material.R$styleable: int MaterialTimePicker_clockIcon
io.flutter.plugin.common.StringCodec: java.nio.charset.Charset UTF8
androidx.fragment.app.FragmentTransaction: int TRANSIT_FRAGMENT_OPEN
io.flutter.plugins.pathprovider.R$style: int TextAppearance_Compat_Notification_Line2
com.google.android.material.R$style: int ThemeOverlay_MaterialComponents_Light
com.google.android.material.R$color: int switch_thumb_disabled_material_light
androidx.datastore.preferences.protobuf.Field$Kind: androidx.datastore.preferences.protobuf.Field$Kind TYPE_BOOL
io.flutter.plugins.localauth.R$string: int abc_action_mode_done
com.google.android.material.R$styleable: int MenuGroup_android_checkableBehavior
androidx.appcompat.R$dimen: int abc_dialog_fixed_width_minor
io.flutter.plugins.localauth.R$layout: int abc_search_dropdown_item_icons_2line
androidx.biometric.R$attr: int actionMenuTextAppearance
androidx.datastore.core.DataStoreImpl$incrementCollector$1: androidx.datastore.core.DataStoreImpl this$0
io.flutter.plugins.flutter_plugin_android_lifecycle.R$styleable: int FontFamily_fontProviderCerts
io.flutter.plugins.sharedpreferences.R$styleable: int Preference_summary
io.flutter.plugins.sharedpreferences.R$dimen: int abc_list_item_height_large_material
io.flutter.plugins.sharedpreferences.R$styleable: int[] PreferenceTheme
io.flutter.plugins.flutter_plugin_android_lifecycle.R$drawable: int ic_call_decline_low
androidx.constraintlayout.widget.R$styleable: int ConstraintLayout_Layout_layout_constrainedHeight
androidx.constraintlayout.widget.R$styleable: int MenuItem_android_alphabeticShortcut
io.flutter.plugins.localauth.R$attr: int textAppearancePopupMenuHeader
io.flutter.plugins.localauth.R$styleable: int ColorStateListItem_alpha
io.flutter.plugin.editing.TextInputPlugin$1: io.flutter.plugin.editing.TextInputPlugin this$0