build/app/outputs/mapping/release/usage.txt
com.statch.statch_app.BuildConfig
com.statch.statch_app.R$anim
com.statch.statch_app.R$animator
com.statch.statch_app.R$array
com.statch.statch_app.R$attr
com.statch.statch_app.R$bool
com.statch.statch_app.R$color
com.statch.statch_app.R$dimen
com.statch.statch_app.R$drawable
com.statch.statch_app.R$id
com.statch.statch_app.R$integer
com.statch.statch_app.R$interpolator
com.statch.statch_app.R$layout
com.statch.statch_app.R$mipmap
com.statch.statch_app.R$plurals
com.statch.statch_app.R$string
com.statch.statch_app.R$style
com.statch.statch_app.R$styleable
com.statch.statch_app.R$xml
com.statch.statch_app.R
...
androidx.annotation.InspectableProperty$FlagEntry
androidx.annotation.InspectableProperty$ValueType
androidx.annotation.InspectableProperty
androidx.annotation.IntDef
androidx.annotation.IntRange
androidx.annotation.IntegerRes
androidx.annotation.InterpolatorRes
androidx.annotation.LayoutRes
androidx.annotation.LongDef
androidx.annotation.MainThread
androidx.annotation.MenuRes
androidx.annotation.NavigationRes
androidx.annotation.NonNull
androidx.annotation.NonUiContext
androidx.annotation.Nullable
androidx.annotation.OpenForTesting
androidx.annotation.OptIn
androidx.annotation.PluralsRes
androidx.annotation.Px
androidx.annotation.RawRes
androidx.annotation.ReplaceWith
androidx.annotation.RequiresApi
androidx.annotation.RequiresExtension$Container
androidx.annotation.RequiresExtension
androidx.annotation.RequiresFeature
androidx.annotation.RequiresOptIn$Level
androidx.annotation.RequiresOptIn
androidx.annotation.RequiresPermission$Read
androidx.annotation.RequiresPermission$Write
androidx.annotation.RequiresPermission
androidx.annotation.RestrictTo$Scope
androidx.annotation.RestrictTo
androidx.annotation.ReturnThis
androidx.annotation.Size
androidx.annotation.StringDef
androidx.annotation.StringRes
androidx.annotation.StyleRes
androidx.annotation.StyleableRes
androidx.annotation.TransitionRes
androidx.annotation.UiContext
androidx.annotation.UiThread
androidx.annotation.VisibleForTesting$Companion
androidx.annotation.VisibleForTesting
androidx.annotation.WorkerThread
androidx.annotation.XmlRes
androidx.annotation.experimental.Experimental$Level
androidx.annotation.experimental.Experimental
androidx.annotation.experimental.R
androidx.annotation.experimental.UseExperimental
androidx.appcompat.R$anim
androidx.appcompat.R$attr:
    private void <init>()
androidx.appcompat.R$bool:
    private void <init>()
androidx.appcompat.R$color:
    private void <init>()
androidx.appcompat.R$dimen:
    private void <init>()
androidx.appcompat.R$drawable:
    private void <init>()
androidx.appcompat.R$id:
    private void <init>()
androidx.appcompat.R$integer
androidx.appcompat.R$interpolator
androidx.appcompat.R$layout:
    private void <init>()
androidx.appcompat.R$string:
    private void <init>()
androidx.appcompat.R$style:
    private void <init>()
androidx.appcompat.R$styleable:
    private void <init>()
androidx.appcompat.R
androidx.appcompat.app.ActionBar$DisplayOptions
androidx.appcompat.app.ActionBar$LayoutParams:
    public void <init>(int)
    public void <init>(int,int,int)
androidx.appcompat.app.ActionBar$NavigationMode
androidx.appcompat.app.ActionBar$OnNavigationListener
androidx.appcompat.app.ActionBar$Tab
androidx.appcompat.app.ActionBar$TabListener